2025-12-23T05:12:33+00:00 DEBUG #9430 - [New Request] GET /yardsale_thailand/wordpress/wp-admin/admin.php
2025-12-23T05:12:33+00:00 DEBUG #9430 - GET https://api.woocommerce.com/integrations/ppc/v1/customer/partners/K8SKZ36LQBWXJ/merchant-integrations/
Response: Array
(
    [code] => 404
    [message] => Not Found
)

Response Body: {"statusCode":404,"error":"Not Found","message":"Not Found"}
2025-12-23T05:12:33+00:00 WARNING #9430 - [Error] Not Found CONTEXT: {"args":{"method":"GET","headers":{"Authorization":"Bearer token","Content-Type":"application/json"}},"response":{"headers":{},"body":"{"statusCode":404,"error":"Not Found","message":"Not Found"}","response":{"code":404,"message":"Not Found"},"cookies":[],"filename":null,"http_response":{"data":null,"headers":null,"status":null}}}
2025-12-23T05:35:40+00:00 DEBUG #8867 - [New Request] POST /yardsale_thailand/wordpress/wp-admin/admin-ajax.php
2025-12-23T05:35:40+00:00 INFO #8867 - No customers for payment tokens migration.
2025-12-23T05:35:40+00:00 DEBUG #8867 - Webhook lock acquired for 'register'.
2025-12-23T05:35:40+00:00 DEBUG #8867 - Webhook operation 'register' started.
2025-12-23T05:35:42+00:00 DEBUG #8867 - GET https://api.woocommerce.com/integrations/ppc/v1/notifications/webhooks
Response: Array
(
    [code] => 404
    [message] => Not Found
)

Response Body: {"statusCode":404,"error":"Not Found","message":"Not Found"}
2025-12-23T05:35:42+00:00 ERROR #8867 - Failed to delete webhooks: [Error] Not Found
2025-12-23T05:35:42+00:00 INFO #8867 - Webhooks deleted.
2025-12-23T05:35:43+00:00 DEBUG #8867 - POST https://api.woocommerce.com/integrations/ppc/v1/notifications/webhooks
Request Body: {"url":"https:\/\/localhost\/yardsale_thailand\/wordpress\/wp-json\/paypal\/v1\/incoming","event_types":[{"name":"CHECKOUT.ORDER.APPROVED"},{"name":"CHECKOUT.ORDER.COMPLETED"},{"name":"CHECKOUT.PAYMENT-APPROVAL.REVERSED"},{"name":"PAYMENT.CAPTURE.REFUNDED"},{"name":"PAYMENT.AUTHORIZATION.VOIDED"},{"name":"PAYMENT.CAPTURE.REVERSED"},{"name":"PAYMENT.ORDER.CANCELLED"},{"name":"PAYMENT.CAPTURE.DENIED"},{"name":"PAYMENT.CAPTURE.COMPLETED"},{"name":"VAULT.PAYMENT-TOKEN.CREATED"},{"name":"VAULT.PAYMENT-TOKEN.DELETED"},{"name":"PAYMENT.CAPTURE.PENDING"},{"name":"PAYMENT.SALE.COMPLETED"},{"name":"PAYMENT.SALE.REFUNDED"},{"name":"BILLING.SUBSCRIPTION.CANCELLED"},{"name":"BILLING.PLAN.PRICING-CHANGE.ACTIVATED"},{"name":"CATALOG.PRODUCT.UPDATED"},{"name":"BILLING.PLAN.UPDATED"}]}
Response: Array
(
    [code] => 404
    [message] => Not Found
)

Response Body: {"statusCode":404,"error":"Not Found","message":"Not Found"}
2025-12-23T05:35:43+00:00 ERROR #8867 - Failed to subscribe webhooks: [Error] Not Found
2025-12-23T05:35:43+00:00 DEBUG #8867 - Webhook lock released for 'register'.
2025-12-23T06:34:05+00:00 DEBUG #1277 - [New Request] POST /yardsale_thailand/wordpress/wp-admin/admin-ajax.php
2025-12-23T06:34:05+00:00 INFO #1277 - No customers for payment tokens migration.
